Wed Feb 06 2019 07:34:28 GMT+0000 (Coordinated Universal Time): Requested for /numbers
Wed Feb 06 2019 07:34:47 GMT+0000 (Coordinated Universal Time): Requested for /addNumber
Wed Feb 06 2019 07:34:50 GMT+0000 (Coordinated Universal Time): Requested for /numbers
Wed Feb 06 2019 07:39:10 GMT+0000 (Coordinated Universal Time): Requested for /numbers
Wed Feb 06 2019 16:18:22 GMT+0000 (Coordinated Universal Time): Requested for /addNumber
Wed Feb 06 2019 16:18:43 GMT+0000 (Coordinated Universal Time): Requested for /numbers
Wed Feb 06 2019 16:18:49 GMT+0000 (Coordinated Universal Time): Requested for /addNumber
Wed Feb 06 2019 16:18:52 GMT+0000 (Coordinated Universal Time): Requested for /numbers
Wed Feb 06 2019 16:22:32 GMT+0000 (Coordinated Universal Time): Requested for /numbers
Wed Feb 06 2019 16:22:36 GMT+0000 (Coordinated Universal Time): Requested for /numbers
Wed Feb 06 2019 16:22:41 GMT+0000 (Coordinated Universal Time): Requested for /numbers
Wed Feb 06 2019 16:23:08 GMT+0000 (Coordinated Universal Time): Requested for /addNumber
Wed Feb 06 2019 16:23:10 GMT+0000 (Coordinated Universal Time): Requested for /numbers
Wed Feb 06 2019 16:23:14 GMT+0000 (Coordinated Universal Time): Requested for /numbers
Wed Feb 06 2019 16:23:16 GMT+0000 (Coordinated Universal Time): Requested for /numbers
Wed Feb 06 2019 16:26:56 GMT+0000 (Coordinated Universal Time): Requested for /addNumber
Wed Feb 06 2019 16:27:08 GMT+0000 (Coordinated Universal Time): Requested for /numbers
Thu Feb 07 2019 09:09:43 GMT+0000 (Coordinated Universal Time): Requested for /numbers
Thu Feb 07 2019 09:09:44 GMT+0000 (Coordinated Universal Time): Requested for /favicon.ico
Thu Feb 07 2019 09:23:33 GMT+0000 (Coordinated Universal Time): Requested for /number
Thu Feb 07 2019 11:36:32 GMT+0000 (Coordinated Universal Time): Requested for /number
Thu Feb 07 2019 11:36:35 GMT+0000 (Coordinated Universal Time): Requested for /number
Thu Feb 07 2019 11:36:50 GMT+0000 (Coordinated Universal Time): Requested for /number
Thu Feb 07 2019 11:37:06 GMT+0000 (Coordinated Universal Time): Requested for /number
Thu Feb 07 2019 11:38:47 GMT+0000 (Coordinated Universal Time): Requested for /number
Thu Feb 07 2019 11:39:16 GMT+0000 (Coordinated Universal Time): Requested for /number
